<?xml version="1.0" encoding="UTF-8" ?>
<testsuite tests="4" failures="0" name="step_definitions.RunCukesTest" time="0.011" errors="2" skipped="0">
  <properties>
    <property name="java.runtime.name" value="Java(TM) SE Runtime Environment"/>
    <property name="java.vm.version" value="11.0.18+9-LTS-195"/>
    <property name="sun.boot.library.path" value="/Library/Java/JavaVirtualMachines/jdk-11.jdk/Contents/Home/lib"/>
    <property name="gopherProxySet" value="false"/>
    <property name="maven.multiModuleProjectDirectory" value="/Users/fizkiarditiakusuma/IdeaProjects/PERPUSNAS_BDDSELENIUM"/>
    <property name="java.vm.vendor" value="Oracle Corporation"/>
    <property name="java.vendor.url" value="https://openjdk.java.net/"/>
    <property name="guice.disable.misplaced.annotation.check" value="true"/>
    <property name="path.separator" value=":"/>
    <property name="java.vm.name" value="Java HotSpot(TM) 64-Bit Server VM"/>
    <property name="sun.os.patch.level" value="unknown"/>
    <property name="user.country" value="ID"/>
    <property name="sun.java.launcher" value="SUN_STANDARD"/>
    <property name="java.vm.specification.name" value="Java Virtual Machine Specification"/>
    <property name="user.dir" value="/Users/fizkiarditiakusuma/IdeaProjects/PERPUSNAS_BDDSELENIUM"/>
    <property name="java.vm.compressedOopsMode" value="Zero based"/>
    <property name="java.runtime.version" value="11.0.18+9-LTS-195"/>
    <property name="java.awt.graphicsenv" value="sun.awt.CGraphicsEnvironment"/>
    <property name="os.arch" value="aarch64"/>
    <property name="java.io.tmpdir" value="/var/folders/nl/kl9228955pjdfy31l8yfjk700000gn/T/"/>
    <property name="line.separator" value="
"/>
    <property name="java.vm.specification.vendor" value="Oracle Corporation"/>
    <property name="os.name" value="Mac OS X"/>
    <property name="classworlds.conf" value="/Users/fizkiarditiakusuma/Downloads/apache-maven-3.8.7/bin/m2.conf"/>
    <property name="sun.jnu.encoding" value="UTF-8"/>
    <property name="java.library.path" value="/Users/fizkiarditiakusuma/Library/Java/Extensions:/Library/Java/Extensions:/Network/Library/Java/Extensions:/System/Library/Java/Extensions:/usr/lib/java:."/>
    <property name="maven.conf" value="/Users/fizkiarditiakusuma/Downloads/apache-maven-3.8.7/conf"/>
    <property name="jdk.debug" value="release"/>
    <property name="java.class.version" value="55.0"/>
    <property name="java.specification.name" value="Java Platform API Specification"/>
    <property name="sun.management.compiler" value="HotSpot 64-Bit Tiered Compilers"/>
    <property name="os.version" value="13.4.1"/>
    <property name="library.jansi.path" value="/Users/fizkiarditiakusuma/Downloads/apache-maven-3.8.7/lib/jansi-native"/>
    <property name="http.nonProxyHosts" value="local|*.local|169.254/16|*.169.254/16"/>
    <property name="user.home" value="/Users/fizkiarditiakusuma"/>
    <property name="user.timezone" value="Asia/Jakarta"/>
    <property name="java.awt.printerjob" value="sun.lwawt.macosx.CPrinterJob"/>
    <property name="file.encoding" value="UTF-8"/>
    <property name="java.specification.version" value="11"/>
    <property name="user.name" value="fizkiarditiakusuma"/>
    <property name="java.class.path" value="/Users/fizkiarditiakusuma/Downloads/apache-maven-3.8.7/boot/plexus-classworlds-2.6.0.jar"/>
    <property name="java.vm.specification.version" value="11"/>
    <property name="sun.arch.data.model" value="64"/>
    <property name="sun.java.command" value="org.codehaus.plexus.classworlds.launcher.Launcher clean test"/>
    <property name="java.home" value="/Library/Java/JavaVirtualMachines/jdk-11.jdk/Contents/Home"/>
    <property name="user.language" value="en"/>
    <property name="java.specification.vendor" value="Oracle Corporation"/>
    <property name="awt.toolkit" value="sun.lwawt.macosx.LWCToolkit"/>
    <property name="java.vm.info" value="mixed mode"/>
    <property name="java.version" value="11.0.18"/>
    <property name="java.vendor" value="Oracle Corporation"/>
    <property name="maven.home" value="/Users/fizkiarditiakusuma/Downloads/apache-maven-3.8.7"/>
    <property name="file.separator" value="/"/>
    <property name="java.version.date" value="2023-01-17"/>
    <property name="java.vendor.url.bug" value="https://bugreport.java.com/bugreport/"/>
    <property name="sun.io.unicode.encoding" value="UnicodeBig"/>
    <property name="sun.cpu.endian" value="little"/>
    <property name="java.vendor.version" value="18.9"/>
    <property name="socksNonProxyHosts" value="local|*.local|169.254/16|*.169.254/16"/>
    <property name="ftp.nonProxyHosts" value="local|*.local|169.254/16|*.169.254/16"/>
    <property name="sun.cpu.isalist" value=""/>
  </properties>
  <testcase classname="Scenario: &quot;Users Click Scroll to Koleksi Unggulan&quot;" name="Given User open website perpusnas" time="0.005"/>
  <testcase classname="Scenario: &quot;Users Click Scroll to Koleksi Unggulan&quot;" name="When click Menu Beranda" time="0"/>
  <testcase classname="Scenario: &quot;Users Click Scroll to Koleksi Unggulan&quot;" name="Then User Click All Content in Koleksi Unggulan 5" time="0.003">
    <error message="Indeks 5 tidak valid untuk elemen slick-slide." type="java.lang.IndexOutOfBoundsException">java.lang.IndexOutOfBoundsException: Indeks 5 tidak valid untuk elemen slick-slide.
	at step_definitions.BerandaReviewSteps.userClickAllContentInKoleksiUnggulan(BerandaReviewSteps.java:121)
	at ✽.Then User Click All Content in Koleksi Unggulan 5(features/Beranda/beranda-review.feature:17)
</error>
    <system-out>
  Background:                         &amp;#27;[90m# features/Beranda/beranda-review.feature:3&amp;#27;[0m
    &amp;#27;[32mGiven &amp;#27;[0m&amp;#27;[32mUser open website perpusnas&amp;#27;[0m &amp;#27;[90m# BerandaSteps.userOpenWebsitePerpusnas()&amp;#27;[0m
    &amp;#27;[32mWhen &amp;#27;[0m&amp;#27;[32mclick Menu Beranda&amp;#27;[0m           &amp;#27;[90m# BerandaSteps.clickMenuBeranda()&amp;#27;[0m
</system-out>
  </testcase>
  <testcase classname="Scenario: &quot;Users Click Scroll to Koleksi Unggulan&quot;" name="Scenario: &quot;Users Click Scroll to Koleksi Unggulan&quot;" time="0.003">
    <error message="Indeks 5 tidak valid untuk elemen slick-slide." type="java.lang.IndexOutOfBoundsException">java.lang.IndexOutOfBoundsException: Indeks 5 tidak valid untuk elemen slick-slide.
	at step_definitions.BerandaReviewSteps.userClickAllContentInKoleksiUnggulan(BerandaReviewSteps.java:121)
	at ✽.Then User Click All Content in Koleksi Unggulan 5(features/Beranda/beranda-review.feature:17)
</error>
  </testcase>
</testsuite>